10:34:16.951 [main] INFO  CodeAcademy.Base_Main - Title Validation is Open
10:34:26.210 [main] INFO  CodeAcademy.Base_Main - Title Validation is Successful
10:34:28.548 [main] INFO  CodeAcademy.Base_Main - Title Validation is Closed
10:34:30.742 [main] INFO  CodeAcademy.Base_Main - Chrome Browser is Open
10:34:31.905 [main] INFO  CodeAcademy.Base_Main - HomePage Validation is Open
10:34:43.289 [main] INFO  CodeAcademy.Base_Main - HomePage Validation is Successful for Trial-1
10:34:53.851 [main] INFO  CodeAcademy.Base_Main - HomePage Validation is Successful for Trial-2
10:34:56.191 [main] INFO  CodeAcademy.Base_Main - HomePage Validation is closed
10:37:13.442 [main] INFO  CodeAcademy.Base_Main - Chrome Browser is Open
10:37:16.058 [main] INFO  CodeAcademy.Base_Main - Help Validation is Open
10:37:17.770 [main] INFO  CodeAcademy.Base_Main - Help Validation is successful
10:37:20.089 [main] INFO  CodeAcademy.Base_Main - Help Validation is closed
10:37:22.292 [main] INFO  CodeAcademy.Base_Main - Chrome Browser is Open
10:37:23.442 [main] INFO  CodeAcademy.Base_Main - Title Validation is Open
10:37:33.497 [main] INFO  CodeAcademy.Base_Main - Title Validation is Successful
10:37:35.823 [main] INFO  CodeAcademy.Base_Main - Title Validation is Closed
10:37:38.027 [main] INFO  CodeAcademy.Base_Main - Chrome Browser is Open
10:37:39.207 [main] INFO  CodeAcademy.Base_Main - HomePage Validation is Open
10:37:50.407 [main] INFO  CodeAcademy.Base_Main - HomePage Validation is Successful for Trial-1
10:38:00.667 [main] INFO  CodeAcademy.Base_Main - HomePage Validation is Successful for Trial-2
10:38:02.994 [main] INFO  CodeAcademy.Base_Main - HomePage Validation is closed
